<?xml version="1.0" encoding="UTF-8"?>
<testsuite name="com.bank.management.ManagementApplicationTests" tests="1" skipped="0" failures="0" errors="0" timestamp="2025-10-23T03:41:37.414Z" hostname="PSOFKA0489" time="0.49">
  <properties/>
  <testcase name="contextLoads()" classname="com.bank.management.ManagementApplicationTests" time="0.49"/>
  <system-out><![CDATA[22:41:30.850 [Test worker] INFO org.springframework.test.context.support.AnnotationConfigContextLoaderUtils -- Could not detect default configuration classes for test class [com.bank.management.ManagementApplicationTests]: ManagementApplicationTests does not declare any static, non-private, non-final, nested classes annotated with @Configuration.
22:41:31.115 [Test worker] INFO org.springframework.boot.test.context.SpringBootTestContextBootstrapper -- Found @SpringBootConfiguration com.bank.management.ManagementApplication for test class com.bank.management.ManagementApplicationTests

  .   ____          _            __ _ _
 /\\ / ___'_ __ _ _(_)_ __  __ _ \ \ \ \
( ( )\___ | '_ | '_| | '_ \/ _` | \ \ \ \
 \\/  ___)| |_)| | | | | || (_| |  ) ) ) )
  '  |____| .__|_| |_|_| |_\__, | / / / /
 =========|_|==============|___/=/_/_/_/

 :: Spring Boot ::                (v3.5.5)

2025-10-22T22:41:31.737-05:00  INFO 20868 --- [management] [    Test worker] c.b.m.ManagementApplicationTests         : Starting ManagementApplicationTests using Java 21.0.8 with PID 20868 (started by edwin.giraldo in C:\Users\edwin.giraldo\Documents\Proyecto\Backend\management)
2025-10-22T22:41:31.739-05:00  INFO 20868 --- [management] [    Test worker] c.b.m.ManagementApplicationTests         : No active profile set, falling back to 1 default profile: "default"
2025-10-22T22:41:32.989-05:00  INFO 20868 --- [management] [    Test worker] .s.d.r.c.RepositoryConfigurationDelegate : Bootstrapping Spring Data JPA repositories in DEFAULT mode.
2025-10-22T22:41:33.088-05:00  INFO 20868 --- [management] [    Test worker] .s.d.r.c.RepositoryConfigurationDelegate : Finished Spring Data repository scanning in 82 ms. Found 3 JPA repository interfaces.
2025-10-22T22:41:33.776-05:00  INFO 20868 --- [management] [    Test worker] o.hibernate.jpa.internal.util.LogHelper  : HHH000204: Processing PersistenceUnitInfo [name: default]
2025-10-22T22:41:33.853-05:00  INFO 20868 --- [management] [    Test worker] org.hibernate.Version                    : HHH000412: Hibernate ORM core version 6.6.26.Final
2025-10-22T22:41:33.893-05:00  INFO 20868 --- [management] [    Test worker] o.h.c.internal.RegionFactoryInitiator    : HHH000026: Second-level cache disabled
2025-10-22T22:41:34.303-05:00  INFO 20868 --- [management] [    Test worker] o.s.o.j.p.SpringPersistenceUnitInfo      : No LoadTimeWeaver setup: ignoring JPA class transformer
2025-10-22T22:41:34.340-05:00  INFO 20868 --- [management] [    Test worker] com.zaxxer.hikari.HikariDataSource       : HikariPool-1 - Starting...
2025-10-22T22:41:34.526-05:00  INFO 20868 --- [management] [    Test worker] com.zaxxer.hikari.pool.HikariPool        : HikariPool-1 - Added connection conn0: url=jdbc:h2:mem:mydatabase user=MYUSER
2025-10-22T22:41:34.527-05:00  INFO 20868 --- [management] [    Test worker] com.zaxxer.hikari.HikariDataSource       : HikariPool-1 - Start completed.
2025-10-22T22:41:34.585-05:00  INFO 20868 --- [management] [    Test worker] org.hibernate.orm.connections.pooling    : HHH10001005: Database info:
	Database JDBC URL [Connecting through datasource 'HikariDataSource (HikariPool-1)']
	Database driver: undefined/unknown
	Database version: 2.3.230
	Autocommit mode: undefined/unknown
	Isolation level: undefined/unknown
	Minimum pool size: undefined/unknown
	Maximum pool size: undefined/unknown
2025-10-22T22:41:35.654-05:00  INFO 20868 --- [management] [    Test worker] o.h.e.t.j.p.i.JtaPlatformInitiator       : HHH000489: No JTA platform available (set 'hibernate.transaction.jta.platform' to enable JTA platform integration)
Hibernate: create table account (id bigint generated by default as identity, account_number varchar(255), account_type varchar(255), saldo float(53), user_id bigint, primary key (id))
Hibernate: create table operations (id bigint generated by default as identity, amount float(53), operation_date timestamp(6), operation_type varchar(255), account_id bigint, users_id bigint, primary key (id))
Hibernate: create table users (id bigint generated by default as identity, dni varchar(255), email varchar(255), name varchar(255), password varchar(255), primary key (id))
Hibernate: alter table if exists account add constraint FKra7xoi9wtlcq07tmoxxe5jrh4 foreign key (user_id) references users
Hibernate: alter table if exists operations add constraint FKc58ffulkf8per65turrumx9qy foreign key (account_id) references account
Hibernate: alter table if exists operations add constraint FK5y63svy2tvx9g2bdh0xjn1axv foreign key (users_id) references users
2025-10-22T22:41:35.733-05:00  INFO 20868 --- [management] [    Test worker] j.LocalContainerEntityManagerFactoryBean : Initialized JPA EntityManagerFactory for persistence unit 'default'
2025-10-22T22:41:36.389-05:00  WARN 20868 --- [management] [    Test worker] JpaBaseConfiguration$JpaWebConfiguration : spring.jpa.open-in-view is enabled by default. Therefore, database queries may be performed during view rendering. Explicitly configure spring.jpa.open-in-view to disable this warning
2025-10-22T22:41:36.713-05:00  WARN 20868 --- [management] [    Test worker] .s.s.UserDetailsServiceAutoConfiguration : 

Using generated security password: 04422d09-f9ea-4580-ac39-7de6426b77d3

This generated password is for development use only. Your security configuration must be updated before running your application in production.

2025-10-22T22:41:36.724-05:00  INFO 20868 --- [management] [    Test worker] r$InitializeUserDetailsManagerConfigurer : Global AuthenticationManager configured with UserDetailsService bean with name inMemoryUserDetailsManager
2025-10-22T22:41:37.285-05:00  INFO 20868 --- [management] [    Test worker] o.s.b.a.h2.H2ConsoleAutoConfiguration    : H2 console available at '/h2-console'. Database available at 'jdbc:h2:mem:mydatabase'
2025-10-22T22:41:37.393-05:00  INFO 20868 --- [management] [    Test worker] c.b.m.ManagementApplicationTests         : Started ManagementApplicationTests in 6.028 seconds (process running for 7.77)
]]></system-out>
  <system-err><![CDATA[Mockito is currently self-attaching to enable the inline-mock-maker. This will no longer work in future releases of the JDK. Please add Mockito as an agent to your build as described in Mockito's documentation: https://javadoc.io/doc/org.mockito/mockito-core/latest/org.mockito/org/mockito/Mockito.html#0.3
WARNING: A Java agent has been loaded dynamically (C:\Users\edwin.giraldo\.gradle\caches\modules-2\files-2.1\net.bytebuddy\byte-buddy-agent\1.17.7\fbf3d6d649ed37fc9e9c59480a05be0a26e3c2da\byte-buddy-agent-1.17.7.jar)
WARNING: If a serviceability tool is in use, please run with -XX:+EnableDynamicAgentLoading to hide this warning
WARNING: If a serviceability tool is not in use, please run with -Djdk.instrument.traceUsage for more information
WARNING: Dynamic loading of agents will be disallowed by default in a future release
]]></system-err>
</testsuite>
